<?xml version="1.0" encoding="UTF-8"?>
<!-- Generated by org.testng.reporters.JUnitXMLReporter -->
<testsuite hostname="LAPTOP-ORI8JR52" ignored="0" name="Default test" tests="15" failures="0" timestamp="2021-01-13T19:55:40 IST" time="14.8" errors="0">
  <testcase name="verifyLinks" time="0.008" classname="com.guru99demobank.tests.HomePageTest"/>
  <testcase name="verifyLinks" time="0.001" classname="com.guru99demobank.tests.HomePageTest"/>
  <testcase name="verifyLinks" time="0.0" classname="com.guru99demobank.tests.HomePageTest"/>
  <testcase name="verifyLinks" time="0.001" classname="com.guru99demobank.tests.HomePageTest"/>
  <testcase name="verifyLinks" time="0.0" classname="com.guru99demobank.tests.HomePageTest"/>
  <testcase name="verifyLinks" time="0.002" classname="com.guru99demobank.tests.HomePageTest"/>
  <testcase name="verifyLinks" time="0.002" classname="com.guru99demobank.tests.HomePageTest"/>
  <testcase name="verifyLinks" time="0.001" classname="com.guru99demobank.tests.HomePageTest"/>
  <testcase name="verifyLinks" time="0.001" classname="com.guru99demobank.tests.HomePageTest"/>
  <testcase name="verifyLinks" time="0.001" classname="com.guru99demobank.tests.HomePageTest"/>
  <testcase name="verifyLinks" time="0.0" classname="com.guru99demobank.tests.HomePageTest"/>
  <testcase name="verifyLinks" time="0.001" classname="com.guru99demobank.tests.HomePageTest"/>
  <testcase name="verifyLinks" time="0.001" classname="com.guru99demobank.tests.HomePageTest"/>
  <testcase name="verifyLinks" time="0.0" classname="com.guru99demobank.tests.HomePageTest"/>
  <testcase name="verifyLinks" time="0.001" classname="com.guru99demobank.tests.HomePageTest"/>
</testsuite> <!-- Default test -->
