<?xml version="1.0" encoding="UTF-8"?>
<!-- Generated by org.testng.reporters.JUnitXMLReporter -->
<testsuite hostname="LAPTOP-ORI8JR52" ignored="0" name="Test" tests="3" failures="0" timestamp="2021-01-11T17:48:49 IST" time="33.64" errors="0">
  <testcase name="verifyUserIdLabelText" time="0.096" classname="com.guru99demobank.tests.LoginPageTest"/>
  <testcase name="verifyPasswordLabelText" time="0.059" classname="com.guru99demobank.tests.LoginPageTest"/>
  <testcase name="verifyJavascriptAlertText" time="0.824" classname="com.guru99demobank.tests.LoginPageTest"/>
</testsuite> <!-- Test -->
