<?xml version="1.0" encoding="UTF-8"?>
<!-- Generated by org.testng.reporters.JUnitXMLReporter -->
<testsuite hostname="LAPTOP-ORI8JR52" ignored="0" name="Test" tests="29" failures="0" timestamp="2021-01-14T21:14:00 IST" time="88.895" errors="0">
  <testcase name="verifyLinks" time="0.021" classname="com.guru99demobank.tests.HomePageTest"/>
  <testcase name="verifyLinks" time="0.021" classname="com.guru99demobank.tests.HomePageTest"/>
  <testcase name="verifyLinks" time="0.021" classname="com.guru99demobank.tests.HomePageTest"/>
  <testcase name="verifyLinks" time="0.021" classname="com.guru99demobank.tests.HomePageTest"/>
  <testcase name="verifyLinks" time="0.021" classname="com.guru99demobank.tests.HomePageTest"/>
  <testcase name="verifyLinks" time="0.021" classname="com.guru99demobank.tests.HomePageTest"/>
  <testcase name="verifyLinks" time="0.021" classname="com.guru99demobank.tests.HomePageTest"/>
  <testcase name="verifyLinks" time="0.021" classname="com.guru99demobank.tests.HomePageTest"/>
  <testcase name="verifyLinks" time="0.021" classname="com.guru99demobank.tests.HomePageTest"/>
  <testcase name="verifyLinks" time="0.021" classname="com.guru99demobank.tests.HomePageTest"/>
  <testcase name="verifyLinks" time="0.002" classname="com.guru99demobank.tests.HomePageTest"/>
  <testcase name="verifyLinks" time="0.002" classname="com.guru99demobank.tests.HomePageTest"/>
  <testcase name="verifyLinks" time="0.003" classname="com.guru99demobank.tests.HomePageTest"/>
  <testcase name="verifyLinks" time="0.004" classname="com.guru99demobank.tests.HomePageTest"/>
  <testcase name="verifyLinks" time="0.004" classname="com.guru99demobank.tests.HomePageTest"/>
  <testcase name="verifyUserIdLabelText" time="0.039" classname="com.guru99demobank.tests.LoginPageTest"/>
  <testcase name="verifyPasswordLabelText" time="0.048" classname="com.guru99demobank.tests.LoginPageTest"/>
  <testcase name="verifyAddNewCustomerHeading" time="0.047" classname="com.guru99demobank.tests.NewCustomerPageTest"/>
  <testcase name="verifyGenderLabel" time="0.087" classname="com.guru99demobank.tests.NewCustomerPageTest"/>
  <testcase name="verifyCustomerNameLabel" time="0.167" classname="com.guru99demobank.tests.NewCustomerPageTest"/>
  <testcase name="verifyDOBLabel" time="0.17" classname="com.guru99demobank.tests.NewCustomerPageTest"/>
  <testcase name="verifyAddressLabel" time="0.122" classname="com.guru99demobank.tests.NewCustomerPageTest"/>
  <testcase name="verifyCityLabel" time="0.125" classname="com.guru99demobank.tests.NewCustomerPageTest"/>
  <testcase name="verifyStateLabel" time="0.101" classname="com.guru99demobank.tests.NewCustomerPageTest"/>
  <testcase name="verifyPINLabel" time="0.099" classname="com.guru99demobank.tests.NewCustomerPageTest"/>
  <testcase name="verifyMobileNumberLabel" time="0.09" classname="com.guru99demobank.tests.NewCustomerPageTest"/>
  <testcase name="verifyEmailLabel" time="0.083" classname="com.guru99demobank.tests.NewCustomerPageTest"/>
  <testcase name="verifyPasswordLabel" time="0.078" classname="com.guru99demobank.tests.NewCustomerPageTest"/>
  <testcase name="verifyJavascriptAlertText" time="16.422" classname="com.guru99demobank.tests.LoginPageTest"/>
</testsuite> <!-- Test -->
