<?xml version="1.0" encoding="UTF-8"?>
<testng-results skipped="0" failed="0" ignored="0" total="15" passed="15">
  <reporter-output>
  </reporter-output>
  <suite name="Default suite" duration-ms="14800" started-at="2021-01-13T19:55:26 IST" finished-at="2021-01-13T19:55:40 IST">
    <groups>
    </groups>
    <test name="Default test" duration-ms="14800" started-at="2021-01-13T19:55:26 IST" finished-at="2021-01-13T19:55:40 IST">
      <class name="com.guru99demobank.tests.HomePageTest">
        <test-method status="PASS" signature="setUp()[pri:0, instance:com.guru99demobank.tests.HomePageTest@7e2d773b]" name="setUp" is-config="true" duration-ms="13174" started-at="2021-01-13T19:55:26 IST" finished-at="2021-01-13T19:55:39 IST">
          <reporter-output>
          </reporter-output>
        </test-method> <!-- setUp -->
        <test-method status="PASS" signature="verifyLinks(java.util.Hashtable)[pri:0, instance:com.guru99demobank.tests.HomePageTest@7e2d773b]" name="verifyLinks" duration-ms="8" started-at="2021-01-13T19:55:39 IST" data-provider="dp" finished-at="2021-01-13T19:55:39 IST">
          <params>
            <param index="0">
              <value>
                <![CDATA[{index=0.0, linkText=Manager}]]>
              </value>
            </param>
          </params>
          <reporter-output>
          </reporter-output>
        </test-method> <!-- verifyLinks -->
        <test-method status="PASS" signature="verifyLinks(java.util.Hashtable)[pri:0, instance:com.guru99demobank.tests.HomePageTest@7e2d773b]" name="verifyLinks" duration-ms="1" started-at="2021-01-13T19:55:39 IST" data-provider="dp" finished-at="2021-01-13T19:55:39 IST">
          <params>
            <param index="0">
              <value>
                <![CDATA[{index=1.0, linkText=New Customer}]]>
              </value>
            </param>
          </params>
          <reporter-output>
          </reporter-output>
        </test-method> <!-- verifyLinks -->
        <test-method status="PASS" signature="verifyLinks(java.util.Hashtable)[pri:0, instance:com.guru99demobank.tests.HomePageTest@7e2d773b]" name="verifyLinks" duration-ms="0" started-at="2021-01-13T19:55:39 IST" data-provider="dp" finished-at="2021-01-13T19:55:39 IST">
          <params>
            <param index="0">
              <value>
                <![CDATA[{index=2.0, linkText=Edit Customer}]]>
              </value>
            </param>
          </params>
          <reporter-output>
          </reporter-output>
        </test-method> <!-- verifyLinks -->
        <test-method status="PASS" signature="verifyLinks(java.util.Hashtable)[pri:0, instance:com.guru99demobank.tests.HomePageTest@7e2d773b]" name="verifyLinks" duration-ms="1" started-at="2021-01-13T19:55:39 IST" data-provider="dp" finished-at="2021-01-13T19:55:39 IST">
          <params>
            <param index="0">
              <value>
                <![CDATA[{index=3.0, linkText=Delete Customer}]]>
              </value>
            </param>
          </params>
          <reporter-output>
          </reporter-output>
        </test-method> <!-- verifyLinks -->
        <test-method status="PASS" signature="verifyLinks(java.util.Hashtable)[pri:0, instance:com.guru99demobank.tests.HomePageTest@7e2d773b]" name="verifyLinks" duration-ms="0" started-at="2021-01-13T19:55:39 IST" data-provider="dp" finished-at="2021-01-13T19:55:39 IST">
          <params>
            <param index="0">
              <value>
                <![CDATA[{index=4.0, linkText=New Account}]]>
              </value>
            </param>
          </params>
          <reporter-output>
          </reporter-output>
        </test-method> <!-- verifyLinks -->
        <test-method status="PASS" signature="verifyLinks(java.util.Hashtable)[pri:0, instance:com.guru99demobank.tests.HomePageTest@7e2d773b]" name="verifyLinks" duration-ms="2" started-at="2021-01-13T19:55:39 IST" data-provider="dp" finished-at="2021-01-13T19:55:39 IST">
          <params>
            <param index="0">
              <value>
                <![CDATA[{index=5.0, linkText=Edit Account}]]>
              </value>
            </param>
          </params>
          <reporter-output>
          </reporter-output>
        </test-method> <!-- verifyLinks -->
        <test-method status="PASS" signature="verifyLinks(java.util.Hashtable)[pri:0, instance:com.guru99demobank.tests.HomePageTest@7e2d773b]" name="verifyLinks" duration-ms="2" started-at="2021-01-13T19:55:39 IST" data-provider="dp" finished-at="2021-01-13T19:55:39 IST">
          <params>
            <param index="0">
              <value>
                <![CDATA[{index=6.0, linkText=Delete Account}]]>
              </value>
            </param>
          </params>
          <reporter-output>
          </reporter-output>
        </test-method> <!-- verifyLinks -->
        <test-method status="PASS" signature="verifyLinks(java.util.Hashtable)[pri:0, instance:com.guru99demobank.tests.HomePageTest@7e2d773b]" name="verifyLinks" duration-ms="1" started-at="2021-01-13T19:55:39 IST" data-provider="dp" finished-at="2021-01-13T19:55:39 IST">
          <params>
            <param index="0">
              <value>
                <![CDATA[{index=7.0, linkText=Deposit}]]>
              </value>
            </param>
          </params>
          <reporter-output>
          </reporter-output>
        </test-method> <!-- verifyLinks -->
        <test-method status="PASS" signature="verifyLinks(java.util.Hashtable)[pri:0, instance:com.guru99demobank.tests.HomePageTest@7e2d773b]" name="verifyLinks" duration-ms="1" started-at="2021-01-13T19:55:39 IST" data-provider="dp" finished-at="2021-01-13T19:55:39 IST">
          <params>
            <param index="0">
              <value>
                <![CDATA[{index=8.0, linkText=Withdrawal}]]>
              </value>
            </param>
          </params>
          <reporter-output>
          </reporter-output>
        </test-method> <!-- verifyLinks -->
        <test-method status="PASS" signature="verifyLinks(java.util.Hashtable)[pri:0, instance:com.guru99demobank.tests.HomePageTest@7e2d773b]" name="verifyLinks" duration-ms="1" started-at="2021-01-13T19:55:39 IST" data-provider="dp" finished-at="2021-01-13T19:55:39 IST">
          <params>
            <param index="0">
              <value>
                <![CDATA[{index=9.0, linkText=Fund Transfer}]]>
              </value>
            </param>
          </params>
          <reporter-output>
          </reporter-output>
        </test-method> <!-- verifyLinks -->
        <test-method status="PASS" signature="verifyLinks(java.util.Hashtable)[pri:0, instance:com.guru99demobank.tests.HomePageTest@7e2d773b]" name="verifyLinks" duration-ms="0" started-at="2021-01-13T19:55:39 IST" data-provider="dp" finished-at="2021-01-13T19:55:39 IST">
          <params>
            <param index="0">
              <value>
                <![CDATA[{index=10.0, linkText=Change Password}]]>
              </value>
            </param>
          </params>
          <reporter-output>
          </reporter-output>
        </test-method> <!-- verifyLinks -->
        <test-method status="PASS" signature="verifyLinks(java.util.Hashtable)[pri:0, instance:com.guru99demobank.tests.HomePageTest@7e2d773b]" name="verifyLinks" duration-ms="1" started-at="2021-01-13T19:55:39 IST" data-provider="dp" finished-at="2021-01-13T19:55:39 IST">
          <params>
            <param index="0">
              <value>
                <![CDATA[{index=11.0, linkText=Balance Enquiry}]]>
              </value>
            </param>
          </params>
          <reporter-output>
          </reporter-output>
        </test-method> <!-- verifyLinks -->
        <test-method status="PASS" signature="verifyLinks(java.util.Hashtable)[pri:0, instance:com.guru99demobank.tests.HomePageTest@7e2d773b]" name="verifyLinks" duration-ms="1" started-at="2021-01-13T19:55:39 IST" data-provider="dp" finished-at="2021-01-13T19:55:39 IST">
          <params>
            <param index="0">
              <value>
                <![CDATA[{index=12.0, linkText=Mini Statement}]]>
              </value>
            </param>
          </params>
          <reporter-output>
          </reporter-output>
        </test-method> <!-- verifyLinks -->
        <test-method status="PASS" signature="verifyLinks(java.util.Hashtable)[pri:0, instance:com.guru99demobank.tests.HomePageTest@7e2d773b]" name="verifyLinks" duration-ms="0" started-at="2021-01-13T19:55:39 IST" data-provider="dp" finished-at="2021-01-13T19:55:39 IST">
          <params>
            <param index="0">
              <value>
                <![CDATA[{index=13.0, linkText=Customised Statement}]]>
              </value>
            </param>
          </params>
          <reporter-output>
          </reporter-output>
        </test-method> <!-- verifyLinks -->
        <test-method status="PASS" signature="verifyLinks(java.util.Hashtable)[pri:0, instance:com.guru99demobank.tests.HomePageTest@7e2d773b]" name="verifyLinks" duration-ms="1" started-at="2021-01-13T19:55:39 IST" data-provider="dp" finished-at="2021-01-13T19:55:39 IST">
          <params>
            <param index="0">
              <value>
                <![CDATA[{index=14.0, linkText=Log out}]]>
              </value>
            </param>
          </params>
          <reporter-output>
          </reporter-output>
        </test-method> <!-- verifyLinks -->
        <test-method status="PASS" signature="tearDown()[pri:0, instance:com.guru99demobank.tests.HomePageTest@7e2d773b]" name="tearDown" is-config="true" duration-ms="915" started-at="2021-01-13T19:55:39 IST" finished-at="2021-01-13T19:55:40 IST">
          <reporter-output>
          </reporter-output>
        </test-method> <!-- tearDown -->
      </class> <!-- com.guru99demobank.tests.HomePageTest -->
    </test> <!-- Default test -->
  </suite> <!-- Default suite -->
</testng-results>
